<?xml version="1.0" encoding="UTF-8"?>
<testsuite xmlns:xsi="http://www.w3.org/2001/XMLSchema-instance" xsi:noNamespaceSchemaLocation="https://maven.apache.org/surefire/maven-surefire-plugin/xsd/surefire-test-report-3.0.xsd" version="3.0" name="com.lorelinks.llcourse.LlcourseApplicationTests" time="1.69" tests="1" errors="0" skipped="0" failures="0">
  <properties>
[...]
</properties>
  <testcase name="contextLoads" classname="com.lorelinks.llcourse.LlcourseApplicationTests" time="0.308">
    <system-out><![CDATA[02:06:46.369 [main] INFO org.springframework.test.context.support.AnnotationConfigContextLoaderUtils -- Could not detect default configuration classes for test class [com.lorelinks.llcourse.LlcourseApplicationTests]: LlcourseApplicationTests does not declare any static, non-private, non-final, nested classes annotated with @Configuration.
02:06:46.410 [main] INFO org.springframework.boot.test.context.SpringBootTestContextBootstrapper -- Found @SpringBootConfiguration com.lorelinks.llcourse.LlcourseApplication for test class com.lorelinks.llcourse.LlcourseApplicationTests
02:06:46.471 [main] INFO org.springframework.boot.devtools.restart.RestartApplicationListener -- Restart disabled due to context in which it is running

  .   ____          _            __ _ _
 /\\ / ___'_ __ _ _(_)_ __  __ _ \ \ \ \
( ( )\___ | '_ | '_| | '_ \/ _` | \ \ \ \
 \\/  ___)| |_)| | | | | || (_| |  ) ) ) )
  '  |____| .__|_| |_|_| |_\__, | / / / /
 =========|_|==============|___/=/_/_/_/
 :: Spring Boot ::                (v3.2.0)

2023-12-30T02:06:46.558-06:00  INFO 11115 --- [           main] c.l.llcourse.LlcourseApplicationTests    : Starting LlcourseApplicationTests using Java 17.0.9 with PID 11115 (started by houhjim in /Users/houhjim/MyGitHub/llcourse)
2023-12-30T02:06:46.559-06:00  INFO 11115 --- [           main] c.l.llcourse.LlcourseApplicationTests    : No active profile set, falling back to 1 default profile: "default"
2023-12-30T02:06:46.804-06:00  INFO 11115 --- [           main] .s.d.r.c.RepositoryConfigurationDelegate : Bootstrapping Spring Data JPA repositories in DEFAULT mode.
2023-12-30T02:06:46.813-06:00  INFO 11115 --- [           main] .s.d.r.c.RepositoryConfigurationDelegate : Finished Spring Data repository scanning in 5 ms. Found 0 JPA repository interfaces.
2023-12-30T02:06:47.011-06:00  INFO 11115 --- [           main] com.zaxxer.hikari.HikariDataSource       : HikariPool-1 - Starting...
2023-12-30T02:06:47.106-06:00  INFO 11115 --- [           main] com.zaxxer.hikari.pool.HikariPool        : HikariPool-1 - Added connection org.postgresql.jdbc.PgConnection@1e01b133
2023-12-30T02:06:47.106-06:00  INFO 11115 --- [           main] com.zaxxer.hikari.HikariDataSource       : HikariPool-1 - Start completed.
2023-12-30T02:06:47.127-06:00  INFO 11115 --- [           main] o.hibernate.jpa.internal.util.LogHelper  : HHH000204: Processing PersistenceUnitInfo [name: default]
2023-12-30T02:06:47.155-06:00  INFO 11115 --- [           main] org.hibernate.Version                    : HHH000412: Hibernate ORM core version 6.3.1.Final
2023-12-30T02:06:47.171-06:00  INFO 11115 --- [           main] o.h.c.internal.RegionFactoryInitiator    : HHH000026: Second-level cache disabled
2023-12-30T02:06:47.270-06:00  INFO 11115 --- [           main] o.s.o.j.p.SpringPersistenceUnitInfo      : No LoadTimeWeaver setup: ignoring JPA class transformer
2023-12-30T02:06:47.429-06:00  INFO 11115 --- [           main] o.h.e.t.j.p.i.JtaPlatformInitiator       : HHH000489: No JTA platform available (set 'hibernate.transaction.jta.platform' to enable JTA platform integration)
2023-12-30T02:06:47.431-06:00  INFO 11115 --- [           main] j.LocalContainerEntityManagerFactoryBean : Initialized JPA EntityManagerFactory for persistence unit 'default'
2023-12-30T02:06:47.521-06:00  WARN 11115 --- [           main] JpaBaseConfiguration$JpaWebConfiguration : spring.jpa.open-in-view is enabled by default. Therefore, database queries may be performed during view rendering. Explicitly configure spring.jpa.open-in-view to disable this warning
2023-12-30T02:06:47.676-06:00  INFO 11115 --- [           main] c.l.llcourse.LlcourseApplicationTests    : Started LlcourseApplicationTests in 1.209 seconds (process running for 1.624)
]]></system-out>
  </testcase>
</testsuite>